<?xml version="1.0" encoding="UTF-8"?>
<!-- Generated by org.testng.reporters.JUnitReportReporter -->
<testsuite skipped="0" hostname="swapnils-MacBook-Air.local" name="com.assign.qa.testcases.CountFlightsTest" tests="3" failures="0" timestamp="25 Jul 2021 16:49:04 GMT" time="4.569" errors="0">
  <testcase name="selectNonStopFilter" time="1.797" classname="com.assign.qa.testcases.CountFlightsTest"/>
  <testcase name="Departure612AM" time="2.225" classname="com.assign.qa.testcases.CountFlightsTest"/>
  <testcase name="ViewPricesBtnClick" time="0.547" classname="com.assign.qa.testcases.CountFlightsTest"/>
</testsuite> <!-- com.assign.qa.testcases.CountFlightsTest -->
