<?xml version="1.0" encoding="UTF-8"?>
<!-- Generated by org.testng.reporters.JUnitReportReporter -->
<testsuite skipped="0" hostname="swapnils-MacBook-Air.local" name="com.assign.qa.testcases.SearchFlightsTest" tests="1" failures="0" timestamp="25 Jul 2021 16:49:04 GMT" time="16.192" errors="0">
  <testcase name="searchForAFlight" time="16.192" classname="com.assign.qa.testcases.SearchFlightsTest"/>
</testsuite> <!-- com.assign.qa.testcases.SearchFlightsTest -->
